#
# There is insufficient memory for the Java Runtime Environment to continue.
# Native memory allocation (mmap) failed to map 65536 bytes. Error detail: Failed to commit metaspace.
# Possible reasons:
#   The system is out of physical RAM or swap space
#   This process is running with CompressedOops enabled, and the Java Heap may be blocking the growth of the native heap
# Possible solutions:
#   Reduce memory load on the system
#   Increase physical memory or swap space
#   Check if swap backing store is full
#   Decrease Java heap size (-Xmx/-Xms)
#   Decrease number of Java threads
#   Decrease Java thread stack sizes (-Xss)
#   Set larger code cache with -XX:ReservedCodeCacheSize=
#   JVM is running with Unscaled Compressed Oops mode in which the Java heap is
#     placed in the first 4GB address space. The Java Heap base address is the
#     maximum limit for the native heap growth. Please use -XX:HeapBaseMinAddress
#     to set the Java Heap base and to place the Java Heap above 4GB virtual address.
# This output file may be truncated or incomplete.
#
#  Out of Memory Error (virtualSpaceNode.cpp:110), pid=44320, tid=33344
#
# JRE version: OpenJDK Runtime Environment OpenLogic-OpenJDK (17.0.11+9) (build 17.0.11+9-adhoc..jdk17u)
# Java VM: OpenJDK 64-Bit Server VM OpenLogic-OpenJDK (17.0.11+9-adhoc..jdk17u, mixed mode, tiered, compressed oops, compressed class ptrs, g1 gc, windows-amd64)
# No core dump will be written. Minidumps are not enabled by default on client versions of Windows
#

---------------  S U M M A R Y ------------

Command Line: -ea -Dfile.encoding=UTF-8 -Dstdout.encoding=UTF-8 -Dstderr.encoding=UTF-8 -XX:+ShowCodeDetailsInExceptionMessages org.testng.remote.RemoteTestNG -serport 58105 -protocol json -d C:\Users\nadeemuddinsayed\eclipse-workspace\MO Trading Automation\test-output C:\Users\NADEEM~1\AppData\Local\Temp\testng-eclipse-90882578\testng-customsuite.xml

Host: 11th Gen Intel(R) Core(TM) i5-1145G7 @ 2.60GHz, 8 cores, 7G,  Windows 10 , 64 bit Build 19041 (10.0.19041.4957)
Time: Tue Dec  3 11:38:34 2024 India Standard Time elapsed time: 0.108769 seconds (0d 0h 0m 0s)

---------------  T H R E A D  ---------------

Current thread (0x0000020e797a2d20):  JavaThread "main" [_thread_in_vm, id=33344, stack(0x000000b4b5b00000,0x000000b4b5c00000)]

Stack: [0x000000b4b5b00000,0x000000b4b5c00000]
Native frames: (J=compiled Java code, j=interpreted, Vv=VM code, C=native code)
V  [jvm.dll+0x67d009]
V  [jvm.dll+0x8348aa]
V  [jvm.dll+0x83636e]
V  [jvm.dll+0x8369d3]
V  [jvm.dll+0x2479df]
V  [jvm.dll+0x83056b]
V  [jvm.dll+0x621936]
V  [jvm.dll+0x62199a]
V  [jvm.dll+0x6241ca]
V  [jvm.dll+0x6222d6]
V  [jvm.dll+0x23be9f]
V  [jvm.dll+0x62c165]
V  [jvm.dll+0x1eb9fb]
V  [jvm.dll+0x1ebf35]
V  [jvm.dll+0x1ec9f0]
V  [jvm.dll+0x1e1df1]
V  [jvm.dll+0x54211e]
V  [jvm.dll+0x1f2837]
V  [jvm.dll+0x7ade0b]
V  [jvm.dll+0x7af1d9]
V  [jvm.dll+0x7af528]
V  [jvm.dll+0x23fc9e]
V  [jvm.dll+0x23feef]
V  [jvm.dll+0x5603f8]
V  [jvm.dll+0x5632f7]
V  [jvm.dll+0x386182]
V  [jvm.dll+0x3857ef]
C  0x0000020e1033a539

The last pc belongs to invokestatic (printed below).
Java frames: (J=compiled Java code, j=interpreted, Vv=VM code)
j  jdk.internal.module.ModuleBootstrap.boot2()Ljava/lang/ModuleLayer;+352 java.base
j  jdk.internal.module.ModuleBootstrap.boot()Ljava/lang/ModuleLayer;+64 java.base
j  java.lang.System.initPhase2(ZZ)I+0 java.base
v  ~StubRoutines::call_stub
invokestatic  184 invokestatic  [0x0000020e1033a480, 0x0000020e1033a760]  736 bytes
[MachCode]
  0x0000020e1033a480: 4883 ec08 | c5fa 1104 | 24eb 1f48 | 83ec 10c5 | fb11 0424 | eb14 4883 | ec10 4889 | 0424 48c7 
  0x0000020e1033a4a0: 4424 0800 | 0000 00eb | 0150 4c89 | 6dc0 410f | b755 0148 | 8b4d d0c1 | e202 8b5c | d120 c1eb 
  0x0000020e1033a4c0: 1081 e3ff | 0000 0081 | fbb8 0000 | 000f 84b6 | 0000 00bb | b800 0000 | e805 0000 | 00e9 9b00 
  0x0000020e1033a4e0: 0000 488b | d348 8d44 | 2408 4c89 | 6dc0 498b | cfc5 f877 | 4989 afa8 | 0200 0049 | 8987 9802 
  0x0000020e1033a500: 0000 4883 | ec20 f7c4 | 0f00 0000 | 0f84 1a00 | 0000 4883 | ec08 49ba | 8057 53b8 | fa7f 0000 
  0x0000020e1033a520: 41ff d248 | 83c4 08e9 | 0d00 0000 | 49ba 8057 | 53b8 fa7f | 0000 41ff | d248 83c4 | 2049 c787 
  0x0000020e1033a540: 9802 0000 | 0000 0000 | 49c7 87a8 | 0200 0000 | 0000 0049 | c787 a002 | 0000 0000 | 0000 c5f8 
  0x0000020e1033a560: 7749 817f | 0800 0000 | 000f 8405 | 0000 00e9 | 8c69 feff | 4c8b 6dc0 | 4c8b 75c8 | c341 0fb7 
  0x0000020e1033a580: 5501 488b | 4dd0 c1e2 | 0248 8b5c | d128 488b | 5b08 488b | 5b08 488b | 5b18 80bb | 3301 0000 
  0x0000020e1033a5a0: 040f 840d | 0000 004c | 3bbb 3801 | 0000 0f85 | 1fff ffff | 488b 5cd1 | 288b 54d1 | 38c1 ea1c 
  0x0000020e1033a5c0: 49ba 2061 | d5b8 fa7f | 0000 498b | 14d2 5248 | 8b45 d848 | 85c0 0f84 | 1200 0000 | 4883 4008 
  0x0000020e1033a5e0: 0148 8358 | 0800 4883 | c010 4889 | 45d8 488b | 45d8 4885 | c00f 8445 | 0100 0080 | 78f0 0a0f 
  0x0000020e1033a600: 853b 0100 | 0048 83c0 | 084c 8b68 | f841 83ed | 0041 83fd | 020f 8c1a | 0100 004c | 8b6b 0845 
  0x0000020e1033a620: 0fb7 6d2c | 4c2b 2841 | 83ed 014e | 8b6c ec08 | 4d85 ed75 | 1248 f740 | 0801 0000 | 0075 58f0 
  0x0000020e1033a640: 4883 4808 | 01eb 5045 | 8b6d 0849 | c1e5 034d | 8bd5 4c33 | 6808 49f7 | c5fc ffff | ff74 3849 
  0x0000020e1033a660: f7c5 0200 | 0000 752f | 4881 7808 | 0000 0000 | 7421 4881 | 7808 0100 | 0000 7417 | 4d8b ea4c 
  0x0000020e1033a680: 3368 0849 | f7c5 fcff | ffff 740b | 4883 4808 | 02eb 044c | 8968 0848 | 83c0 104c | 8b68 e841 
  0x0000020e1033a6a0: 83ed 0241 | 83fd 020f | 8c88 0000 | 004c 8b6b | 0845 0fb7 | 6d2c 4c2b | 2841 83ed | 014e 8b6c 
  0x0000020e1033a6c0: ec08 4d85 | ed75 1248 | f740 0801 | 0000 0075 | 58f0 4883 | 4808 01eb | 5045 8b6d | 0849 c1e5 
  0x0000020e1033a6e0: 034d 8bd5 | 4c33 6808 | 49f7 c5fc | ffff ff74 | 3849 f7c5 | 0200 0000 | 752f 4881 | 7808 0000 
  0x0000020e1033a700: 0000 7421 | 4881 7808 | 0100 0000 | 7417 4d8b | ea4c 3368 | 0849 f7c5 | fcff ffff | 740b 4883 
  0x0000020e1033a720: 4808 02eb | 044c 8968 | 0848 83c0 | 104c 8b68 | d841 83ed | 0441 c1e5 | 0349 03c5 | 4889 45d8 
  0x0000020e1033a740: 4c8d 6c24 | 084c 896d | f0ff 6350 | 0f1f 4000 | 0000 0000 | 0000 0000 | 0000 0000 | 0000 0000 
[/MachCode]

---------------  P R O C E S S  ---------------

Threads class SMR info:
_java_thread_list=0x0000020e7ef24520, length=10, elements={
0x0000020e797a2d20, 0x0000020e1e036620, 0x0000020e7ef25140, 0x0000020e7ef2c9c0,
0x0000020e7ef2d290, 0x0000020e7ef2e8a0, 0x0000020e1e054bc0, 0x0000020e1e05d7d0,
0x0000020e1e05e0e0, 0x0000020e1e060a00
}

Java Threads: ( => current thread )
=>0x0000020e797a2d20 JavaThread "main" [_thread_in_vm, id=33344, stack(0x000000b4b5b00000,0x000000b4b5c00000)]
  0x0000020e1e036620 JavaThread "Reference Handler" daemon [_thread_blocked, id=46312, stack(0x000000b4b6200000,0x000000b4b6300000)]
  0x0000020e7ef25140 JavaThread "Finalizer" daemon [_thread_blocked, id=46936, stack(0x000000b4b6300000,0x000000b4b6400000)]
  0x0000020e7ef2c9c0 JavaThread "Signal Dispatcher" daemon [_thread_blocked, id=46664, stack(0x000000b4b6400000,0x000000b4b6500000)]
  0x0000020e7ef2d290 JavaThread "Attach Listener" daemon [_thread_blocked, id=24188, stack(0x000000b4b6500000,0x000000b4b6600000)]
  0x0000020e7ef2e8a0 JavaThread "Service Thread" daemon [_thread_blocked, id=47752, stack(0x000000b4b6600000,0x000000b4b6700000)]
  0x0000020e1e054bc0 JavaThread "Monitor Deflation Thread" daemon [_thread_blocked, id=44400, stack(0x000000b4b6700000,0x000000b4b6800000)]
  0x0000020e1e05d7d0 JavaThread "C2 CompilerThread0" daemon [_thread_blocked, id=30796, stack(0x000000b4b6800000,0x000000b4b6900000)]
  0x0000020e1e05e0e0 JavaThread "C1 CompilerThread0" daemon [_thread_blocked, id=46024, stack(0x000000b4b6900000,0x000000b4b6a00000)]
  0x0000020e1e060a00 JavaThread "Sweeper thread" daemon [_thread_blocked, id=19276, stack(0x000000b4b6a00000,0x000000b4b6b00000)]

Other Threads:
  0x0000020e7ef1e360 VMThread "VM Thread" [stack: 0x000000b4b6100000,0x000000b4b6200000] [id=37152]
  0x0000020e797fc430 GCTaskThread "GC Thread#0" [stack: 0x000000b4b5c00000,0x000000b4b5d00000] [id=33396]
  0x0000020e7980c910 ConcurrentGCThread "G1 Main Marker" [stack: 0x000000b4b5d00000,0x000000b4b5e00000] [id=46484]
  0x0000020e7980d9e0 ConcurrentGCThread "G1 Conc#0" [stack: 0x000000b4b5e00000,0x000000b4b5f00000] [id=12308]
  0x0000020e7ed78140 ConcurrentGCThread "G1 Refine#0" [stack: 0x000000b4b5f00000,0x000000b4b6000000] [id=31120]
  0x0000020e7ed78980 ConcurrentGCThread "G1 Service" [stack: 0x000000b4b6000000,0x000000b4b6100000] [id=40552]

Threads with active compile tasks:

VM state: not at safepoint (normal execution)

VM Mutex/Monitor currently owned by a thread:  ([mutex/lock_event])
[0x0000020e7979b480] Metaspace_lock - owner thread: 0x0000020e797a2d20

Heap address: 0x0000000084c00000, size: 1972 MB, Compressed Oops mode: 32-bit

CDS archive(s) not mapped
Compressed class space mapped at: 0x0000000100000000-0x0000000140000000, reserved size: 1073741824
Narrow klass base: 0x0000000000000000, Narrow klass shift: 3, Narrow klass range: 0x140000000

GC Precious Log:
 CPUs: 8 total, 8 available
 Memory: 7882M
 Large Page Support: Disabled
 NUMA Support: Disabled
 Compressed Oops: Enabled (32-bit)
 Heap Region Size: 1M
 Heap Min Capacity: 8M
 Heap Initial Capacity: 124M
 Heap Max Capacity: 1972M
 Pre-touch: Disabled
 Parallel Workers: 8
 Concurrent Workers: 2
 Concurrent Refinement Workers: 8
 Periodic GC: Disabled

Heap:
 garbage-first heap   total 126976K, used 0K [0x0000000084c00000, 0x0000000100000000)
  region size 1024K, 1 young (1024K), 0 survivors (0K)
 Metaspace       used 2973K, committed 3008K, reserved 1114112K
  class space    used 221K, committed 256K, reserved 1048576K

Heap Regions: E=young(eden), S=young(survivor), O=old, HS=humongous(starts), HC=humongous(continues), CS=collection set, F=free, OA=open archive, CA=closed archive, TAMS=top-at-mark-start (previous, next)
|   0|0x0000000084c00000, 0x0000000084c00000, 0x0000000084d00000|  0%| F|  |TAMS 0x0000000084c00000, 0x0000000084c00000| Untracked 
|   1|0x0000000084d00000, 0x0000000084d00000, 0x0000000084e00000|  0%| F|  |TAMS 0x0000000084d00000, 0x0000000084d00000| Untracked 
|   2|0x0000000084e00000, 0x0000000084e00000, 0x0000000084f00000|  0%| F|  |TAMS 0x0000000084e00000, 0x0000000084e00000| Untracked 
|   3|0x0000000084f00000, 0x0000000084f00000, 0x0000000085000000|  0%| F|  |TAMS 0x0000000084f00000, 0x0000000084f00000| Untracked 
|   4|0x0000000085000000, 0x0000000085000000, 0x0000000085100000|  0%| F|  |TAMS 0x0000000085000000, 0x0000000085000000| Untracked 
|   5|0x0000000085100000, 0x0000000085100000, 0x0000000085200000|  0%| F|  |TAMS 0x0000000085100000, 0x0000000085100000| Untracked 
|   6|0x0000000085200000, 0x0000000085200000, 0x0000000085300000|  0%| F|  |TAMS 0x0000000085200000, 0x0000000085200000| Untracked 
|   7|0x0000000085300000, 0x0000000085300000, 0x0000000085400000|  0%| F|  |TAMS 0x0000000085300000, 0x0000000085300000| Untracked 
|   8|0x0000000085400000, 0x0000000085400000, 0x0000000085500000|  0%| F|  |TAMS 0x0000000085400000, 0x0000000085400000| Untracked 
|   9|0x0000000085500000, 0x0000000085500000, 0x0000000085600000|  0%| F|  |TAMS 0x0000000085500000, 0x0000000085500000| Untracked 
|  10|0x0000000085600000, 0x0000000085600000, 0x0000000085700000|  0%| F|  |TAMS 0x0000000085600000, 0x0000000085600000| Untracked 
|  11|0x0000000085700000, 0x0000000085700000, 0x0000000085800000|  0%| F|  |TAMS 0x0000000085700000, 0x0000000085700000| Untracked 
|  12|0x0000000085800000, 0x0000000085800000, 0x0000000085900000|  0%| F|  |TAMS 0x0000000085800000, 0x0000000085800000| Untracked 
|  13|0x0000000085900000, 0x0000000085900000, 0x0000000085a00000|  0%| F|  |TAMS 0x0000000085900000, 0x0000000085900000| Untracked 
|  14|0x0000000085a00000, 0x0000000085a00000, 0x0000000085b00000|  0%| F|  |TAMS 0x0000000085a00000, 0x0000000085a00000| Untracked 
|  15|0x0000000085b00000, 0x0000000085b00000, 0x0000000085c00000|  0%| F|  |TAMS 0x0000000085b00000, 0x0000000085b00000| Untracked 
|  16|0x0000000085c00000, 0x0000000085c00000, 0x0000000085d00000|  0%| F|  |TAMS 0x0000000085c00000, 0x0000000085c00000| Untracked 
|  17|0x0000000085d00000, 0x0000000085d00000, 0x0000000085e00000|  0%| F|  |TAMS 0x0000000085d00000, 0x0000000085d00000| Untracked 
|  18|0x0000000085e00000, 0x0000000085e00000, 0x0000000085f00000|  0%| F|  |TAMS 0x0000000085e00000, 0x0000000085e00000| Untracked 
|  19|0x0000000085f00000, 0x0000000085f00000, 0x0000000086000000|  0%| F|  |TAMS 0x0000000085f00000, 0x0000000085f00000| Untracked 
|  20|0x0000000086000000, 0x0000000086000000, 0x0000000086100000|  0%| F|  |TAMS 0x0000000086000000, 0x0000000086000000| Untracked 
|  21|0x0000000086100000, 0x0000000086100000, 0x0000000086200000|  0%| F|  |TAMS 0x0000000086100000, 0x0000000086100000| Untracked 
|  22|0x0000000086200000, 0x0000000086200000, 0x0000000086300000|  0%| F|  |TAMS 0x0000000086200000, 0x0000000086200000| Untracked 
|  23|0x0000000086300000, 0x0000000086300000, 0x0000000086400000|  0%| F|  |TAMS 0x0000000086300000, 0x0000000086300000| Untracked 
|  24|0x0000000086400000, 0x0000000086400000, 0x0000000086500000|  0%| F|  |TAMS 0x0000000086400000, 0x0000000086400000| Untracked 
|  25|0x0000000086500000, 0x0000000086500000, 0x0000000086600000|  0%| F|  |TAMS 0x0000000086500000, 0x0000000086500000| Untracked 
|  26|0x0000000086600000, 0x0000000086600000, 0x0000000086700000|  0%| F|  |TAMS 0x0000000086600000, 0x0000000086600000| Untracked 
|  27|0x0000000086700000, 0x0000000086700000, 0x0000000086800000|  0%| F|  |TAMS 0x0000000086700000, 0x0000000086700000| Untracked 
|  28|0x0000000086800000, 0x0000000086800000, 0x0000000086900000|  0%| F|  |TAMS 0x0000000086800000, 0x0000000086800000| Untracked 
|  29|0x0000000086900000, 0x0000000086900000, 0x0000000086a00000|  0%| F|  |TAMS 0x0000000086900000, 0x0000000086900000| Untracked 
|  30|0x0000000086a00000, 0x0000000086a00000, 0x0000000086b00000|  0%| F|  |TAMS 0x0000000086a00000, 0x0000000086a00000| Untracked 
|  31|0x0000000086b00000, 0x0000000086b00000, 0x0000000086c00000|  0%| F|  |TAMS 0x0000000086b00000, 0x0000000086b00000| Untracked 
|  32|0x0000000086c00000, 0x0000000086c00000, 0x0000000086d00000|  0%| F|  |TAMS 0x0000000086c00000, 0x0000000086c00000| Untracked 
|  33|0x0000000086d00000, 0x0000000086d00000, 0x0000000086e00000|  0%| F|  |TAMS 0x0000000086d00000, 0x0000000086d00000| Untracked 
|  34|0x0000000086e00000, 0x0000000086e00000, 0x0000000086f00000|  0%| F|  |TAMS 0x0000000086e00000, 0x0000000086e00000| Untracked 
|  35|0x0000000086f00000, 0x0000000086f00000, 0x0000000087000000|  0%| F|  |TAMS 0x0000000086f00000, 0x0000000086f00000| Untracked 
|  36|0x0000000087000000, 0x0000000087000000, 0x0000000087100000|  0%| F|  |TAMS 0x0000000087000000, 0x0000000087000000| Untracked 
|  37|0x0000000087100000, 0x0000000087100000, 0x0000000087200000|  0%| F|  |TAMS 0x0000000087100000, 0x0000000087100000| Untracked 
|  38|0x0000000087200000, 0x0000000087200000, 0x0000000087300000|  0%| F|  |TAMS 0x0000000087200000, 0x0000000087200000| Untracked 
|  39|0x0000000087300000, 0x0000000087300000, 0x0000000087400000|  0%| F|  |TAMS 0x0000000087300000, 0x0000000087300000| Untracked 
|  40|0x0000000087400000, 0x0000000087400000, 0x0000000087500000|  0%| F|  |TAMS 0x0000000087400000, 0x0000000087400000| Untracked 
|  41|0x0000000087500000, 0x0000000087500000, 0x0000000087600000|  0%| F|  |TAMS 0x0000000087500000, 0x0000000087500000| Untracked 
|  42|0x0000000087600000, 0x0000000087600000, 0x0000000087700000|  0%| F|  |TAMS 0x0000000087600000, 0x0000000087600000| Untracked 
|  43|0x0000000087700000, 0x0000000087700000, 0x0000000087800000|  0%| F|  |TAMS 0x0000000087700000, 0x0000000087700000| Untracked 
|  44|0x0000000087800000, 0x0000000087800000, 0x0000000087900000|  0%| F|  |TAMS 0x0000000087800000, 0x0000000087800000| Untracked 
|  45|0x0000000087900000, 0x0000000087900000, 0x0000000087a00000|  0%| F|  |TAMS 0x0000000087900000, 0x0000000087900000| Untracked 
|  46|0x0000000087a00000, 0x0000000087a00000, 0x0000000087b00000|  0%| F|  |TAMS 0x0000000087a00000, 0x0000000087a00000| Untracked 
|  47|0x0000000087b00000, 0x0000000087b00000, 0x0000000087c00000|  0%| F|  |TAMS 0x0000000087b00000, 0x0000000087b00000| Untracked 
|  48|0x0000000087c00000, 0x0000000087c00000, 0x0000000087d00000|  0%| F|  |TAMS 0x0000000087c00000, 0x0000000087c00000| Untracked 
|  49|0x0000000087d00000, 0x0000000087d00000, 0x0000000087e00000|  0%| F|  |TAMS 0x0000000087d00000, 0x0000000087d00000| Untracked 
|  50|0x0000000087e00000, 0x0000000087e00000, 0x0000000087f00000|  0%| F|  |TAMS 0x0000000087e00000, 0x0000000087e00000| Untracked 
|  51|0x0000000087f00000, 0x0000000087f00000, 0x0000000088000000|  0%| F|  |TAMS 0x0000000087f00000, 0x0000000087f00000| Untracked 
|  52|0x0000000088000000, 0x0000000088000000, 0x0000000088100000|  0%| F|  |TAMS 0x0000000088000000, 0x0000000088000000| Untracked 
|  53|0x0000000088100000, 0x0000000088100000, 0x0000000088200000|  0%| F|  |TAMS 0x0000000088100000, 0x0000000088100000| Untracked 
|  54|0x0000000088200000, 0x0000000088200000, 0x0000000088300000|  0%| F|  |TAMS 0x0000000088200000, 0x0000000088200000| Untracked 
|  55|0x0000000088300000, 0x0000000088300000, 0x0000000088400000|  0%| F|  |TAMS 0x0000000088300000, 0x0000000088300000| Untracked 
|  56|0x0000000088400000, 0x0000000088400000, 0x0000000088500000|  0%| F|  |TAMS 0x0000000088400000, 0x0000000088400000| Untracked 
|  57|0x0000000088500000, 0x0000000088500000, 0x0000000088600000|  0%| F|  |TAMS 0x0000000088500000, 0x0000000088500000| Untracked 
|  58|0x0000000088600000, 0x0000000088600000, 0x0000000088700000|  0%| F|  |TAMS 0x0000000088600000, 0x0000000088600000| Untracked 
|  59|0x0000000088700000, 0x0000000088700000, 0x0000000088800000|  0%| F|  |TAMS 0x0000000088700000, 0x0000000088700000| Untracked 
|  60|0x0000000088800000, 0x0000000088800000, 0x0000000088900000|  0%| F|  |TAMS 0x0000000088800000, 0x0000000088800000| Untracked 
|  61|0x0000000088900000, 0x0000000088900000, 0x0000000088a00000|  0%| F|  |TAMS 0x0000000088900000, 0x0000000088900000| Untracked 
|  62|0x0000000088a00000, 0x0000000088a00000, 0x0000000088b00000|  0%| F|  |TAMS 0x0000000088a00000, 0x0000000088a00000| Untracked 
|  63|0x0000000088b00000, 0x0000000088b00000, 0x0000000088c00000|  0%| F|  |TAMS 0x0000000088b00000, 0x0000000088b00000| Untracked 
|  64|0x0000000088c00000, 0x0000000088c00000, 0x0000000088d00000|  0%| F|  |TAMS 0x0000000088c00000, 0x0000000088c00000| Untracked 
|  65|0x0000000088d00000, 0x0000000088d00000, 0x0000000088e00000|  0%| F|  |TAMS 0x0000000088d00000, 0x0000000088d00000| Untracked 
|  66|0x0000000088e00000, 0x0000000088e00000, 0x0000000088f00000|  0%| F|  |TAMS 0x0000000088e00000, 0x0000000088e00000| Untracked 
|  67|0x0000000088f00000, 0x0000000088f00000, 0x0000000089000000|  0%| F|  |TAMS 0x0000000088f00000, 0x0000000088f00000| Untracked 
|  68|0x0000000089000000, 0x0000000089000000, 0x0000000089100000|  0%| F|  |TAMS 0x0000000089000000, 0x0000000089000000| Untracked 
|  69|0x0000000089100000, 0x0000000089100000, 0x0000000089200000|  0%| F|  |TAMS 0x0000000089100000, 0x0000000089100000| Untracked 
|  70|0x0000000089200000, 0x0000000089200000, 0x0000000089300000|  0%| F|  |TAMS 0x0000000089200000, 0x0000000089200000| Untracked 
|  71|0x0000000089300000, 0x0000000089300000, 0x0000000089400000|  0%| F|  |TAMS 0x0000000089300000, 0x0000000089300000| Untracked 
|  72|0x0000000089400000, 0x0000000089400000, 0x0000000089500000|  0%| F|  |TAMS 0x0000000089400000, 0x0000000089400000| Untracked 
|  73|0x0000000089500000, 0x0000000089500000, 0x0000000089600000|  0%| F|  |TAMS 0x0000000089500000, 0x0000000089500000| Untracked 
|  74|0x0000000089600000, 0x0000000089600000, 0x0000000089700000|  0%| F|  |TAMS 0x0000000089600000, 0x0000000089600000| Untracked 
|  75|0x0000000089700000, 0x0000000089700000, 0x0000000089800000|  0%| F|  |TAMS 0x0000000089700000, 0x0000000089700000| Untracked 
|  76|0x0000000089800000, 0x0000000089800000, 0x0000000089900000|  0%| F|  |TAMS 0x0000000089800000, 0x0000000089800000| Untracked 
|  77|0x0000000089900000, 0x0000000089900000, 0x0000000089a00000|  0%| F|  |TAMS 0x0000000089900000, 0x0000000089900000| Untracked 
|  78|0x0000000089a00000, 0x0000000089a00000, 0x0000000089b00000|  0%| F|  |TAMS 0x0000000089a00000, 0x0000000089a00000| Untracked 
|  79|0x0000000089b00000, 0x0000000089b00000, 0x0000000089c00000|  0%| F|  |TAMS 0x0000000089b00000, 0x0000000089b00000| Untracked 
|  80|0x0000000089c00000, 0x0000000089c00000, 0x0000000089d00000|  0%| F|  |TAMS 0x0000000089c00000, 0x0000000089c00000| Untracked 
|  81|0x0000000089d00000, 0x0000000089d00000, 0x0000000089e00000|  0%| F|  |TAMS 0x0000000089d00000, 0x0000000089d00000| Untracked 
|  82|0x0000000089e00000, 0x0000000089e00000, 0x0000000089f00000|  0%| F|  |TAMS 0x0000000089e00000, 0x0000000089e00000| Untracked 
|  83|0x0000000089f00000, 0x0000000089f00000, 0x000000008a000000|  0%| F|  |TAMS 0x0000000089f00000, 0x0000000089f00000| Untracked 
|  84|0x000000008a000000, 0x000000008a000000, 0x000000008a100000|  0%| F|  |TAMS 0x000000008a000000, 0x000000008a000000| Untracked 
|  85|0x000000008a100000, 0x000000008a100000, 0x000000008a200000|  0%| F|  |TAMS 0x000000008a100000, 0x000000008a100000| Untracked 
|  86|0x000000008a200000, 0x000000008a200000, 0x000000008a300000|  0%| F|  |TAMS 0x000000008a200000, 0x000000008a200000| Untracked 
|  87|0x000000008a300000, 0x000000008a300000, 0x000000008a400000|  0%| F|  |TAMS 0x000000008a300000, 0x000000008a300000| Untracked 
|  88|0x000000008a400000, 0x000000008a400000, 0x000000008a500000|  0%| F|  |TAMS 0x000000008a400000, 0x000000008a400000| Untracked 
|  89|0x000000008a500000, 0x000000008a500000, 0x000000008a600000|  0%| F|  |TAMS 0x000000008a500000, 0x000000008a500000| Untracked 
|  90|0x000000008a600000, 0x000000008a600000, 0x000000008a700000|  0%| F|  |TAMS 0x000000008a600000, 0x000000008a600000| Untracked 
|  91|0x000000008a700000, 0x000000008a700000, 0x000000008a800000|  0%| F|  |TAMS 0x000000008a700000, 0x000000008a700000| Untracked 
|  92|0x000000008a800000, 0x000000008a800000, 0x000000008a900000|  0%| F|  |TAMS 0x000000008a800000, 0x000000008a800000| Untracked 
|  93|0x000000008a900000, 0x000000008a900000, 0x000000008aa00000|  0%| F|  |TAMS 0x000000008a900000, 0x000000008a900000| Untracked 
|  94|0x000000008aa00000, 0x000000008aa00000, 0x000000008ab00000|  0%| F|  |TAMS 0x000000008aa00000, 0x000000008aa00000| Untracked 
|  95|0x000000008ab00000, 0x000000008ab00000, 0x000000008ac00000|  0%| F|  |TAMS 0x000000008ab00000, 0x000000008ab00000| Untracked 
|  96|0x000000008ac00000, 0x000000008ac00000, 0x000000008ad00000|  0%| F|  |TAMS 0x000000008ac00000, 0x000000008ac00000| Untracked 
|  97|0x000000008ad00000, 0x000000008ad00000, 0x000000008ae00000|  0%| F|  |TAMS 0x000000008ad00000, 0x000000008ad00000| Untracked 
|  98|0x000000008ae00000, 0x000000008ae00000, 0x000000008af00000|  0%| F|  |TAMS 0x000000008ae00000, 0x000000008ae00000| Untracked 
|  99|0x000000008af00000, 0x000000008af00000, 0x000000008b000000|  0%| F|  |TAMS 0x000000008af00000, 0x000000008af00000| Untracked 
| 100|0x000000008b000000, 0x000000008b000000, 0x000000008b100000|  0%| F|  |TAMS 0x000000008b000000, 0x000000008b000000| Untracked 
| 101|0x000000008b100000, 0x000000008b100000, 0x000000008b200000|  0%| F|  |TAMS 0x000000008b100000, 0x000000008b100000| Untracked 
| 102|0x000000008b200000, 0x000000008b200000, 0x000000008b300000|  0%| F|  |TAMS 0x000000008b200000, 0x000000008b200000| Untracked 
| 103|0x000000008b300000, 0x000000008b300000, 0x000000008b400000|  0%| F|  |TAMS 0x000000008b300000, 0x000000008b300000| Untracked 
| 104|0x000000008b400000, 0x000000008b400000, 0x000000008b500000|  0%| F|  |TAMS 0x000000008b400000, 0x000000008b400000| Untracked 
| 105|0x000000008b500000, 0x000000008b500000, 0x000000008b600000|  0%| F|  |TAMS 0x000000008b500000, 0x000000008b500000| Untracked 
| 106|0x000000008b600000, 0x000000008b600000, 0x000000008b700000|  0%| F|  |TAMS 0x000000008b600000, 0x000000008b600000| Untracked 
| 107|0x000000008b700000, 0x000000008b700000, 0x000000008b800000|  0%| F|  |TAMS 0x000000008b700000, 0x000000008b700000| Untracked 
| 108|0x000000008b800000, 0x000000008b800000, 0x000000008b900000|  0%| F|  |TAMS 0x000000008b800000, 0x000000008b800000| Untracked 
| 109|0x000000008b900000, 0x000000008b900000, 0x000000008ba00000|  0%| F|  |TAMS 0x000000008b900000, 0x000000008b900000| Untracked 
| 110|0x000000008ba00000, 0x000000008ba00000, 0x000000008bb00000|  0%| F|  |TAMS 0x000000008ba00000, 0x000000008ba00000| Untracked 
| 111|0x000000008bb00000, 0x000000008bb00000, 0x000000008bc00000|  0%| F|  |TAMS 0x000000008bb00000, 0x000000008bb00000| Untracked 
| 112|0x000000008bc00000, 0x000000008bc00000, 0x000000008bd00000|  0%| F|  |TAMS 0x000000008bc00000, 0x000000008bc00000| Untracked 
| 113|0x000000008bd00000, 0x000000008bd00000, 0x000000008be00000|  0%| F|  |TAMS 0x000000008bd00000, 0x000000008bd00000| Untracked 
| 114|0x000000008be00000, 0x000000008be00000, 0x000000008bf00000|  0%| F|  |TAMS 0x000000008be00000, 0x000000008be00000| Untracked 
| 115|0x000000008bf00000, 0x000000008bf00000, 0x000000008c000000|  0%| F|  |TAMS 0x000000008bf00000, 0x000000008bf00000| Untracked 
| 116|0x000000008c000000, 0x000000008c000000, 0x000000008c100000|  0%| F|  |TAMS 0x000000008c000000, 0x000000008c000000| Untracked 
| 117|0x000000008c100000, 0x000000008c100000, 0x000000008c200000|  0%| F|  |TAMS 0x000000008c100000, 0x000000008c100000| Untracked 
| 118|0x000000008c200000, 0x000000008c200000, 0x000000008c300000|  0%| F|  |TAMS 0x000000008c200000, 0x000000008c200000| Untracked 
| 119|0x000000008c300000, 0x000000008c300000, 0x000000008c400000|  0%| F|  |TAMS 0x000000008c300000, 0x000000008c300000| Untracked 
| 120|0x000000008c400000, 0x000000008c400000, 0x000000008c500000|  0%| F|  |TAMS 0x000000008c400000, 0x000000008c400000| Untracked 
| 121|0x000000008c500000, 0x000000008c500000, 0x000000008c600000|  0%| F|  |TAMS 0x000000008c500000, 0x000000008c500000| Untracked 
| 122|0x000000008c600000, 0x000000008c600000, 0x000000008c700000|  0%| F|  |TAMS 0x000000008c600000, 0x000000008c600000| Untracked 
| 123|0x000000008c700000, 0x000000008c7eb988, 0x000000008c800000| 92%| E|  |TAMS 0x000000008c700000, 0x000000008c700000| Complete 

Card table byte_map: [0x0000020e79f50000,0x0000020e7a330000] _byte_map_base: 0x0000020e79b2a000

Marking Bits (Prev, Next): (CMBitMap*) 0x0000020e797fc960, (CMBitMap*) 0x0000020e797fc9a0
 Prev Bits: [0x0000020e7a710000, 0x0000020e7c5e0000)
 Next Bits: [0x0000020e7c5e0000, 0x0000020e7e4b0000)

Polling page: 0x0000020e77650000

Metaspace:

Usage:
  Non-class:      2.69 MB used.
      Class:    221.95 KB used.
       Both:      2.90 MB used.

Virtual space:
  Non-class space:       64.00 MB reserved,       2.69 MB (  4%) committed,  1 nodes.
      Class space:        1.00 GB reserved,     256.00 KB ( <1%) committed,  1 nodes.
             Both:        1.06 GB reserved,       2.94 MB ( <1%) committed. 

Chunk freelists:
   Non-Class:  12.00 MB
       Class:  15.75 MB
        Both:  27.75 MB

MaxMetaspaceSize: unlimited
CompressedClassSpaceSize: 1.00 GB
Initial GC threshold: 21.00 MB
Current GC threshold: 21.00 MB
CDS: off
MetaspaceReclaimPolicy: balanced
 - commit_granule_bytes: 65536.
 - commit_granule_words: 8192.
 - virtual_space_node_default_size: 8388608.
 - enlarge_chunks_in_place: 1.
 - new_chunks_are_fully_committed: 0.
 - uncommit_free_chunks: 1.
 - use_allocation_guard: 0.
 - handle_deallocations: 1.


Internal statistics:

num_allocs_failed_limit: 0.
num_arena_births: 2.
num_arena_deaths: 0.
num_vsnodes_births: 2.
num_vsnodes_deaths: 0.
num_space_committed: 47.
num_space_uncommitted: 0.
num_chunks_returned_to_freelist: 0.
num_chunks_taken_from_freelist: 3.
num_chunk_merges: 0.
num_chunk_splits: 2.
num_chunks_enlarged: 0.
num_inconsistent_stats: 0.

CodeHeap 'non-profiled nmethods': size=120000Kb used=3Kb max_used=3Kb free=119996Kb
 bounds [0x0000020e108c0000, 0x0000020e10b30000, 0x0000020e17df0000]
CodeHeap 'profiled nmethods': size=120000Kb used=26Kb max_used=26Kb free=119973Kb
 bounds [0x0000020e08df0000, 0x0000020e09060000, 0x0000020e10320000]
CodeHeap 'non-nmethods': size=5760Kb used=1030Kb max_used=1044Kb free=4729Kb
 bounds [0x0000020e10320000, 0x0000020e10590000, 0x0000020e108c0000]
 total_blobs=294 nmethods=25 adapters=182
 compilation: enabled
              stopped_count=0, restarted_count=0
 full_count=0

Compilation events (20 events):
Event: 0.103 Thread 0x0000020e1e05e0e0 nmethod 12 0x0000020e08df4510 code [0x0000020e08df46c0, 0x0000020e08df4938]
Event: 0.103 Thread 0x0000020e1e05e0e0   17       3       java.util.AbstractCollection::<init> (5 bytes)
Event: 0.103 Thread 0x0000020e1e05e0e0 nmethod 17 0x0000020e08df4a10 code [0x0000020e08df4ba0, 0x0000020e08df4cf8]
Event: 0.103 Thread 0x0000020e1e05e0e0   18       3       java.util.ImmutableCollections$AbstractImmutableCollection::<init> (5 bytes)
Event: 0.103 Thread 0x0000020e1e05e0e0 nmethod 18 0x0000020e08df4d90 code [0x0000020e08df4f40, 0x0000020e08df50f8]
Event: 0.103 Thread 0x0000020e1e05e0e0   14       3       java.lang.module.ModuleDescriptor$Exports::hashCode (36 bytes)
Event: 0.103 Thread 0x0000020e1e05e0e0 nmethod 14 0x0000020e08df5210 code [0x0000020e08df53e0, 0x0000020e08df5648]
Event: 0.104 Thread 0x0000020e1e05d7d0   16       4       java.lang.StringLatin1::hashCode (42 bytes)
Event: 0.104 Thread 0x0000020e1e05e0e0   19       3       java.lang.String::coder (15 bytes)
Event: 0.105 Thread 0x0000020e1e05e0e0 nmethod 19 0x0000020e08df5790 code [0x0000020e08df5920, 0x0000020e08df5a58]
Event: 0.105 Thread 0x0000020e1e05e0e0   22       3       java.lang.String::length (11 bytes)
Event: 0.105 Thread 0x0000020e1e05e0e0 nmethod 22 0x0000020e08df5b10 code [0x0000020e08df5ca0, 0x0000020e08df5e38]
Event: 0.105 Thread 0x0000020e1e05e0e0   21       1       java.lang.module.ModuleDescriptor::name (5 bytes)
Event: 0.105 Thread 0x0000020e1e05e0e0 nmethod 21 0x0000020e108c0010 code [0x0000020e108c01a0, 0x0000020e108c0278]
Event: 0.105 Thread 0x0000020e1e05e0e0   23       1       java.lang.module.ModuleReference::descriptor (5 bytes)
Event: 0.105 Thread 0x0000020e1e05e0e0 nmethod 23 0x0000020e108c0310 code [0x0000020e108c04a0, 0x0000020e108c0578]
Event: 0.105 Thread 0x0000020e1e05e0e0   24       3       java.lang.String::charAt (25 bytes)
Event: 0.105 Thread 0x0000020e1e05e0e0 nmethod 24 0x0000020e08df5f10 code [0x0000020e08df60e0, 0x0000020e08df64b8]
Event: 0.105 Thread 0x0000020e1e05e0e0   25       3       java.lang.StringLatin1::charAt (28 bytes)
Event: 0.105 Thread 0x0000020e1e05e0e0 nmethod 25 0x0000020e08df6610 code [0x0000020e08df67c0, 0x0000020e08df69c8]

GC Heap History (0 events):
No events

Dll operation events (2 events):
Event: 0.021 Loaded shared library C:\Users\nadeemuddinsayed\AppData\Roaming\fire-flink-client\JDK\jdk-11\bin\java.dll
Event: 0.060 Loaded shared library C:\Users\nadeemuddinsayed\AppData\Roaming\fire-flink-client\JDK\jdk-11\bin\jsvml.dll

Deoptimization events (0 events):
No events

Classes unloaded (0 events):
No events

Classes redefined (0 events):
No events

Internal exceptions (0 events):
No events

VM Operations (0 events):
No events

Events (20 events):
Event: 0.104 loading class jdk/internal/module/ModuleResolution done
Event: 0.104 loading class java/lang/module/ModuleReference
Event: 0.104 loading class java/lang/module/ModuleReference done
Event: 0.104 loading class jdk/internal/module/SystemModuleFinders$2
Event: 0.104 loading class java/util/function/Supplier
Event: 0.104 loading class java/util/function/Supplier done
Event: 0.104 loading class jdk/internal/module/SystemModuleFinders$2 done
Event: 0.104 loading class jdk/internal/module/ModuleReferenceImpl
Event: 0.104 loading class jdk/internal/module/ModuleReferenceImpl done
Event: 0.104 loading class jdk/internal/module/SystemModuleFinders$3
Event: 0.104 loading class jdk/internal/module/ModuleHashes$HashSupplier
Event: 0.104 loading class jdk/internal/module/ModuleHashes$HashSupplier done
Event: 0.104 loading class jdk/internal/module/SystemModuleFinders$3 done
Event: 0.105 loading class jdk/internal/module/SystemModuleFinders$SystemModuleFinder
Event: 0.105 loading class java/lang/module/ModuleFinder
Event: 0.105 loading class java/lang/module/ModuleFinder done
Event: 0.105 loading class jdk/internal/module/SystemModuleFinders$SystemModuleFinder done
Event: 0.105 loading class java/util/Optional
Event: 0.105 loading class java/util/Optional done
Event: 0.105 loading class jdk/internal/loader/BootLoader


Dynamic libraries:
0x00007ff7769e0000 - 0x00007ff7769ee000 	C:\Users\nadeemuddinsayed\AppData\Roaming\fire-flink-client\JDK\jdk-11\bin\javaw.exe
0x00007ffb4d450000 - 0x00007ffb4d648000 	C:\Windows\SYSTEM32\ntdll.dll
0x00007ffb4c390000 - 0x00007ffb4c452000 	C:\Windows\System32\KERNEL32.DLL
0x00007ffb4aaf0000 - 0x00007ffb4adee000 	C:\Windows\System32\KERNELBASE.dll
0x00007ffb4b270000 - 0x00007ffb4b370000 	C:\Windows\System32\ucrtbase.dll
0x00007ffb357e0000 - 0x00007ffb357f7000 	C:\Users\nadeemuddinsayed\AppData\Roaming\fire-flink-client\JDK\jdk-11\bin\jli.dll
0x00007ffb356d0000 - 0x00007ffb356eb000 	C:\Users\nadeemuddinsayed\AppData\Roaming\fire-flink-client\JDK\jdk-11\bin\VCRUNTIME140.dll
0x00007ffb4d050000 - 0x00007ffb4d1ed000 	C:\Windows\System32\USER32.dll
0x00007ffb4aee0000 - 0x00007ffb4af02000 	C:\Windows\System32\win32u.dll
0x00007ffb4d200000 - 0x00007ffb4d22b000 	C:\Windows\System32\GDI32.dll
0x00007ffb2caf0000 - 0x00007ffb2cd8a000 	C:\Windows\WinSxS\amd64_microsoft.windows.common-controls_6595b64144ccf1df_6.0.19041.4355_none_60b8b9eb71f62e16\COMCTL32.dll
0x00007ffb4b070000 - 0x00007ffb4b187000 	C:\Windows\System32\gdi32full.dll
0x00007ffb4c720000 - 0x00007ffb4c7be000 	C:\Windows\System32\msvcrt.dll
0x00007ffb4adf0000 - 0x00007ffb4ae8d000 	C:\Windows\System32\msvcp_win.dll
0x00007ffb4cf00000 - 0x00007ffb4cf2f000 	C:\Windows\System32\IMM32.DLL
0x0000020e77670000 - 0x0000020e77684000 	C:\Windows\System32\umppc18721.dll
0x0000020e776b0000 - 0x0000020e776c2000 	C:\Windows\System32\CsXumd64_18721.dll
0x00007ffb444c0000 - 0x00007ffb444cc000 	C:\Users\nadeemuddinsayed\AppData\Roaming\fire-flink-client\JDK\jdk-11\bin\vcruntime140_1.dll
0x00007ffb1e1e0000 - 0x00007ffb1e26d000 	C:\Users\nadeemuddinsayed\AppData\Roaming\fire-flink-client\JDK\jdk-11\bin\msvcp140.dll
0x00007ffab81b0000 - 0x00007ffab8e12000 	C:\Users\nadeemuddinsayed\AppData\Roaming\fire-flink-client\JDK\jdk-11\bin\server\jvm.dll
0x00007ffb4ccf0000 - 0x00007ffb4cda2000 	C:\Windows\System32\ADVAPI32.dll
0x00007ffb4c2f0000 - 0x00007ffb4c390000 	C:\Windows\System32\sechost.dll
0x00007ffb4cdb0000 - 0x00007ffb4ced3000 	C:\Windows\System32\RPCRT4.dll
0x00007ffb4b190000 - 0x00007ffb4b1b7000 	C:\Windows\System32\bcrypt.dll
0x00007ffb4a080000 - 0x00007ffb4a0cb000 	C:\Windows\SYSTEM32\POWRPROF.dll
0x00007ffb44090000 - 0x00007ffb44099000 	C:\Windows\SYSTEM32\WSOCK32.dll
0x00007ffb4d320000 - 0x00007ffb4d38b000 	C:\Windows\System32\WS2_32.dll
0x00007ffb43800000 - 0x00007ffb43827000 	C:\Windows\SYSTEM32\WINMM.dll
0x00007ffb3f7e0000 - 0x00007ffb3f7ea000 	C:\Windows\SYSTEM32\VERSION.dll
0x00007ffb49ef0000 - 0x00007ffb49f02000 	C:\Windows\SYSTEM32\UMPDC.dll
0x00007ffb49230000 - 0x00007ffb49242000 	C:\Windows\SYSTEM32\kernel.appcore.dll
0x00007ffb43390000 - 0x00007ffb4339a000 	C:\Users\nadeemuddinsayed\AppData\Roaming\fire-flink-client\JDK\jdk-11\bin\jimage.dll
0x00007ffb48df0000 - 0x00007ffb48fd4000 	C:\Windows\SYSTEM32\DBGHELP.DLL
0x00007ffb437a0000 - 0x00007ffb437d4000 	C:\Windows\SYSTEM32\dbgcore.DLL
0x00007ffb4b370000 - 0x00007ffb4b3f2000 	C:\Windows\System32\bcryptPrimitives.dll
0x00007ffb356a0000 - 0x00007ffb356c5000 	C:\Users\nadeemuddinsayed\AppData\Roaming\fire-flink-client\JDK\jdk-11\bin\java.dll
0x00007ffb07960000 - 0x00007ffb07a36000 	C:\Users\nadeemuddinsayed\AppData\Roaming\fire-flink-client\JDK\jdk-11\bin\jsvml.dll
0x00007ffb4b980000 - 0x00007ffb4c0ef000 	C:\Windows\System32\SHELL32.dll
0x00007ffb48640000 - 0x00007ffb48de4000 	C:\Windows\SYSTEM32\windows.storage.dll
0x00007ffb4b620000 - 0x00007ffb4b973000 	C:\Windows\System32\combase.dll
0x00007ffb4a520000 - 0x00007ffb4a54e000 	C:\Windows\SYSTEM32\Wldp.dll
0x00007ffb4c0f0000 - 0x00007ffb4c1bd000 	C:\Windows\System32\OLEAUT32.dll
0x00007ffb4c7d0000 - 0x00007ffb4c87d000 	C:\Windows\System32\SHCORE.dll
0x00007ffb4c1c0000 - 0x00007ffb4c215000 	C:\Windows\System32\shlwapi.dll
0x00007ffb4aa20000 - 0x00007ffb4aa44000 	C:\Windows\SYSTEM32\profapi.dll

dbghelp: loaded successfully - version: 4.0.5 - missing functions: none
symbol engine: initialized successfully - sym options: 0x614 - pdb path: .;C:\Users\nadeemuddinsayed\AppData\Roaming\fire-flink-client\JDK\jdk-11\bin;C:\Windows\SYSTEM32;C:\Windows\WinSxS\amd64_microsoft.windows.common-controls_6595b64144ccf1df_6.0.19041.4355_none_60b8b9eb71f62e16;C:\Users\nadeemuddinsayed\AppData\Roaming\fire-flink-client\JDK\jdk-11\bin\server

VM Arguments:
jvm_args: -ea -Dfile.encoding=UTF-8 -Dstdout.encoding=UTF-8 -Dstderr.encoding=UTF-8 -XX:+ShowCodeDetailsInExceptionMessages 
java_command: org.testng.remote.RemoteTestNG -serport 58105 -protocol json -d C:\Users\nadeemuddinsayed\eclipse-workspace\MO Trading Automation\test-output C:\Users\NADEEM~1\AppData\Local\Temp\testng-eclipse-90882578\testng-customsuite.xml
java_class_path (initial): C:\Users\nadeemuddinsayed\Downloads\New folder\eclipse\configuration\org.eclipse.osgi\1087\0\.cp\lib\testng-remote.jar;C:\Users\nadeemuddinsayed\eclipse-workspace\MO Trading Automation\target\classes;C:\Users\nadeemuddinsayed\Desktop\Selenium sever\selenium-server-4.21.0.jar;C:\Users\nadeemuddinsayed\Desktop\Selenium sever\commons-io-2.17.0\commons-io-2.17.0.jar;C:\Users\nadeemuddinsayed\Desktop\Selenium sever\commons-io-2.17.0\commons-io-2.17.0-javadoc.jar;C:\Users\nadeemuddinsayed\Desktop\Selenium sever\commons-io-2.17.0\commons-io-2.17.0-sources.jar;C:\Users\nadeemuddinsayed\Desktop\Selenium sever\commons-io-2.17.0\commons-io-2.17.0-tests.jar;C:\Users\nadeemuddinsayed\Desktop\Selenium sever\commons-io-2.17.0\commons-io-2.17.0-test-sources.jar;C:\Users\nadeemuddinsayed\Desktop\Selenium sever\poi-bin-5.2.3\poi-5.2.3.jar;C:\Users\nadeemuddinsayed\Desktop\Selenium sever\poi-bin-5.2.3\poi-examples-5.2.3.jar;C:\Users\nadeemuddinsayed\Desktop\Selenium sever\poi-bin-5.2.3\poi-excelant-5.2.3.jar;C:\Users\nadeemuddinsayed\Desktop\Selenium sever\poi-bin-5.2.3\poi-javadoc-5.2.3.jar;C:\Users\nadeemuddinsayed\Desktop\Selenium sever\poi-bin-5.2.3\poi-ooxml-5.2.3.jar;C:\Users\nadeemuddinsayed\Desktop\Selenium sever\poi-bin-5.2.3\poi-ooxml-full-5.2.3.jar;C:\Users\nadeemuddinsayed\Desktop\Selenium sever\poi-bin-5.2.3\poi-ooxml-lite-5.2.3.jar;C:\Users\nadeemuddinsayed\Desktop\Selenium sever\poi-bin-5.2.3\poi-scratchpad-5.2.3.jar;C:\Users\nadeemuddinsayed\Desktop\Selenium sever\poi-bin-5.2.3\auxiliary\batik-anim-1.14.jar;C:\Users\nadeemuddinsayed\Desktop\Selenium sever\poi-bin-5.2.3\auxiliary\batik-awt-util-1.14.jar;C:\Users\nadeemuddinsayed\Desktop\Selenium sever\poi-bin-5.2.3\auxiliary\batik-bridge-1.14.jar;C:\Users\nadeemuddinsayed\Desktop\Selenium sever\poi-bin-5.2.3\auxiliary\batik-codec-1.14.jar;C:\Users\nadeemuddinsayed\Desktop\Selenium sever\poi-bin-5.2.3\auxiliary\batik-constants-1.14.jar;C:\Users\nadeemuddinsayed\Desktop\Selenium sever\poi-bin-
Launcher Type: SUN_STANDARD

[Global flags]
     intx CICompilerCount                          = 4                                         {product} {ergonomic}
     uint ConcGCThreads                            = 2                                         {product} {ergonomic}
     uint G1ConcRefinementThreads                  = 8                                         {product} {ergonomic}
   size_t G1HeapRegionSize                         = 1048576                                   {product} {ergonomic}
    uintx GCDrainStackTargetSize                   = 64                                        {product} {ergonomic}
   size_t InitialHeapSize                          = 130023424                                 {product} {ergonomic}
   size_t MarkStackSize                            = 4194304                                   {product} {ergonomic}
   size_t MaxHeapSize                              = 2067791872                                {product} {ergonomic}
   size_t MaxNewSize                               = 1240465408                                {product} {ergonomic}
   size_t MinHeapDeltaBytes                        = 1048576                                   {product} {ergonomic}
   size_t MinHeapSize                              = 8388608                                   {product} {ergonomic}
    uintx NonNMethodCodeHeapSize                   = 5839372                                {pd product} {ergonomic}
    uintx NonProfiledCodeHeapSize                  = 122909434                              {pd product} {ergonomic}
    uintx ProfiledCodeHeapSize                     = 122909434                              {pd product} {ergonomic}
    uintx ReservedCodeCacheSize                    = 251658240                              {pd product} {ergonomic}
     bool SegmentedCodeCache                       = true                                      {product} {ergonomic}
     bool ShowCodeDetailsInExceptionMessages       = true                                   {manageable} {command line}
   size_t SoftMaxHeapSize                          = 2067791872                             {manageable} {ergonomic}
     bool UseCompressedClassPointers               = true                           {product lp64_product} {ergonomic}
     bool UseCompressedOops                        = true                           {product lp64_product} {ergonomic}
     bool UseG1GC                                  = true                                      {product} {ergonomic}
     bool UseLargePagesIndividualAllocation        = false                                  {pd product} {ergonomic}

Logging:
Log output configuration:
 #0: stdout all=warning uptime,level,tags
 #1: stderr all=off uptime,level,tags

Environment Variables:
JAVA_HOME=C:\Users\nadeemuddinsayed\AppData\Roaming\fire-flink-client\JDK\jdk-11
PATH=C:/Users/nadeemuddinsayed/Downloads/New folder/eclipse//plugins/org.eclipse.justj.openjdk.hotspot.jre.full.win32.x86_64_17.0.10.v20240120-1143/jre/bin/server;C:/Users/nadeemuddinsayed/Downloads/New folder/eclipse//plugins/org.eclipse.justj.openjdk.hotspot.jre.full.win32.x86_64_17.0.10.v20240120-1143/jre/bin;C:\Windows\system32;C:\Windows;C:\Windows\System32\Wbem;C:\Windows\System32\WindowsPowerShell\v1.0\;C:\Windows\System32\OpenSSH\;C:\Program Files (x86)\Accops Hysecure Client\Turbo\;C:\Users\nadeemuddinsayed\AppData\Local\Android\Sdk\tools;C:\Users\nadeemuddinsayed\AppData\Local\Android\Sdk\platform-tools;C:\Program Files\Java\jdk-15.0.2\bin;C:\Program Files\Microsoft SQL Server\150\Tools\Binn\;C:\Program Files\Microsoft SQL Server\Client SDK\ODBC\170\Tools\Binn\;C:\Program Files\dotnet\;C:\Program Files\nodejs\;C:\apache-maven-3.9.9\bin;C:\Users\nadeemuddinsayed\AppData\Local\Programs\Python\Launcher\;C:\Users\nadeemuddinsayed\AppData\Local\Microsoft\WindowsApps;C:\Users\nadeemuddinsayed\AppData\Local\Android\Sdk;C:\Users\nadeemuddinsayed\AppData\Local\Programs\Git\cmd;C:\src\flutter\bin;C:\src\flutter\bin\cache\dart-sdk;C:\Users\nadeemuddinsayed\AppData\Local\Android\Sdk\tools;C:\Users\nadeemuddinsayed\AppData\Local\Android\Sdk\platform-tools;C:\Users\nadeemuddinsayed\AppData\Roaming\fire-flink-client\JDK\jdk-11\bin;C:\Users\nadeemuddinsayed\AppData\Roaming\fire-flink-client\JDK\jdk-11;C:\Users\nadeemuddinsayed\.dotnet\tools;C:\Users\nadeemuddinsayed\AppData\Local\GitHubDesktop\bin;C:\Users\nadeemuddinsayed\AppData\Roaming\npm;C:\Users\nadeemuddinsayed\Downloads\New folder\eclipse;
USERNAME=nadeemuddinsayed
OS=Windows_NT
PROCESSOR_IDENTIFIER=Intel64 Family 6 Model 140 Stepping 1, GenuineIntel
TMP=C:\Users\NADEEM~1\AppData\Local\Temp
TEMP=C:\Users\NADEEM~1\AppData\Local\Temp



Periodic native trim disabled


---------------  S Y S T E M  ---------------

OS:
 Windows 10 , 64 bit Build 19041 (10.0.19041.4957)
OS uptime: 13 days 23:01 hours

CPU: total 8 (initial active 8) (4 cores per cpu, 2 threads per core) family 6 model 140 stepping 1 microcode 0xac, cx8, cmov, fxsr, ht, mmx, 3dnowpref, sse, sse2, sse3, ssse3, sse4.1, sse4.2, popcnt, lzcnt, tsc, tscinvbit, avx, avx2, aes, erms, clmul, bmi1, bmi2, adx, avx512f, avx512dq, avx512cd, avx512bw, avx512vl, sha, fma, vzeroupper, avx512_vpopcntdq, avx512_vpclmulqdq, avx512_vaes, avx512_vnni, clflush, clflushopt, clwb, avx512_vbmi2, avx512_vbmi
Processor Information for all 8 processors :
  Max Mhz: 2611, Current Mhz: 1104, Mhz Limit: 1096

Memory: 4k page, system-wide physical 7882M (239M free)
TotalPageFile size 32458M (AvailPageFile size 0M)
current process WorkingSet (physical memory assigned to process): 25M, peak: 25M
current process commit charge ("private bytes"): 196M, peak: 196M

vm_info: OpenJDK 64-Bit Server VM (17.0.11+9-adhoc..jdk17u) for windows-amd64 JRE (17.0.11+9-adhoc..jdk17u), built on Apr 19 2024 08:33:45 by "" with MS VC++ 16.10 / 16.11 (VS2019)

END.
